<?xml version="1.0" encoding="UTF-8"?>
<!-- Generated by org.testng.reporters.JUnitReportReporter -->
<testsuite hostname="DESKTOP-UM43R1S" failures="0" tests="1" name="test_Class.patch_tc" time="1.215" errors="0" timestamp="2023-04-06T07:46:16 IST" skipped="0">
  <testcase classname="test_Class.patch_tc" name="orchestrator" time="1.215"/>
  <system-out/>
</testsuite> <!-- test_Class.patch_tc -->
